

Microchip Technology PIC LITE Macro Assembler V1.41 build -162212810 
                                                                                               Tue May 30 20:10:56 2017

Microchip Technology Omniscient Code Generator v1.41 (Free mode) build 201701250102
     1                           	processor	16F887
     2                           	opt	pw 120
     3                           	opt	lm
     4                           	psect	cinit,global,class=CODE,merge=1,delta=2
     5                           	psect	bssCOMMON,global,class=COMMON,space=1,delta=1
     6                           	psect	cstackCOMMON,global,class=COMMON,space=1,delta=1
     7                           	psect	maintext,global,class=CODE,split=1,delta=2
     8                           	psect	text1,local,class=CODE,merge=1,delta=2
     9                           	psect	intentry,global,class=CODE,delta=2
    10                           	dabs	1,0x7E,2
    11  0000                     
    12                           ; Version 1.41
    13                           ; Generated 25/01/2017 GMT
    14                           ; 
    15                           ; Copyright © 2017, Microchip Technology Inc. and its subsidiaries ("Microchip")
    16                           ; All rights reserved.
    17                           ; 
    18                           ; This software is developed by Microchip Technology Inc. and its subsidiaries ("Microch
      +                          ip").
    19                           ; 
    20                           ; Redistribution and use in source and binary forms, with or without modification, are
    21                           ; permitted provided that the following conditions are met:
    22                           ; 
    23                           ;     1. Redistributions of source code must retain the above copyright notice, this lis
      +                          t of
    24                           ;        conditions and the following disclaimer.
    25                           ; 
    26                           ;     2. Redistributions in binary form must reproduce the above copyright notice, this 
      +                          list
    27                           ;        of conditions and the following disclaimer in the documentation and/or other
    28                           ;        materials provided with the distribution.
    29                           ; 
    30                           ;     3. Microchip's name may not be used to endorse or promote products derived from th
      +                          is
    31                           ;        software without specific prior written permission.
    32                           ; 
    33                           ; THIS SOFTWARE IS PROVIDED BY MICROCHIP "AS IS" AND ANY EXPRESS OR IMPLIED WARRANTIES,
    34                           ; INCLUDING, BUT NOT LIMITED TO, THE IMPLIED WARRANTIES OF MERCHANTABILITY AND FITNESS F
      +                          OR
    35                           ; PURPOSE ARE DISCLAIMED.  IN NO EVENT SHALL MICROCHIP BE LIABLE FOR ANY DIRECT, INDIREC
      +                          T,
    36                           ; INCIDENTAL, SPECIAL, EXEMPLARY, OR CONSEQUENTIAL DAMAGES (INCLUDING BUT NOT LIMITED TO
    37                           ; PROCUREMENT OF SUBSTITUTE GOODS OR SERVICES; LOSS OF USE, DATA OR PROFITS; OR BUSINESS
    38                           ; INTERRUPTION) HOWSOEVER CAUSED AND ON ANY THEORY OF LIABILITY, WHETHER IN CONTRACT, ST
      +                          RICT
    39                           ; LIABILITY, OR TORT (INCLUDING NEGLIGENCE OR OTHERWISE) ARISING IN ANY WAY OUT OF THE U
      +                          SE OF
    40                           ; THIS SOFTWARE, EVEN IF ADVISED OF THE POSSIBILITY OF SUCH DAMAGE.
    41                           ; 
    42                           ; 
    43                           ; Code-generator required, PIC16F887 Definitions
    44                           ; 
    45                           ; SFR Addresses
    46  0000                     	;# 
    47  0001                     	;# 
    48  0002                     	;# 
    49  0003                     	;# 
    50  0004                     	;# 
    51  0005                     	;# 
    52  0006                     	;# 
    53  0007                     	;# 
    54  0008                     	;# 
    55  0009                     	;# 
    56  000A                     	;# 
    57  000B                     	;# 
    58  000C                     	;# 
    59  000D                     	;# 
    60  000E                     	;# 
    61  000E                     	;# 
    62  000F                     	;# 
    63  0010                     	;# 
    64  0011                     	;# 
    65  0012                     	;# 
    66  0013                     	;# 
    67  0014                     	;# 
    68  0015                     	;# 
    69  0015                     	;# 
    70  0016                     	;# 
    71  0017                     	;# 
    72  0018                     	;# 
    73  0019                     	;# 
    74  001A                     	;# 
    75  001B                     	;# 
    76  001B                     	;# 
    77  001C                     	;# 
    78  001D                     	;# 
    79  001E                     	;# 
    80  001F                     	;# 
    81  0081                     	;# 
    82  0085                     	;# 
    83  0086                     	;# 
    84  0087                     	;# 
    85  0088                     	;# 
    86  0089                     	;# 
    87  008C                     	;# 
    88  008D                     	;# 
    89  008E                     	;# 
    90  008F                     	;# 
    91  0090                     	;# 
    92  0091                     	;# 
    93  0092                     	;# 
    94  0093                     	;# 
    95  0093                     	;# 
    96  0093                     	;# 
    97  0094                     	;# 
    98  0095                     	;# 
    99  0096                     	;# 
   100  0097                     	;# 
   101  0098                     	;# 
   102  0099                     	;# 
   103  009A                     	;# 
   104  009B                     	;# 
   105  009C                     	;# 
   106  009D                     	;# 
   107  009E                     	;# 
   108  009F                     	;# 
   109  0105                     	;# 
   110  0107                     	;# 
   111  0108                     	;# 
   112  0109                     	;# 
   113  010C                     	;# 
   114  010C                     	;# 
   115  010D                     	;# 
   116  010E                     	;# 
   117  010F                     	;# 
   118  0185                     	;# 
   119  0187                     	;# 
   120  0188                     	;# 
   121  0189                     	;# 
   122  018C                     	;# 
   123  018D                     	;# 
   124  000C                     _PIR1bits	set	12
   125  0005                     _PORTAbits	set	5
   126  001E                     _ADRESH	set	30
   127  001F                     _ADCON0bits	set	31
   128  0006                     _PORTB	set	6
   129  0005                     _PORTA	set	5
   130  0008                     _PORTD	set	8
   131  009E                     _ADRESL	set	158
   132  008C                     _PIE1bits	set	140
   133  009F                     _ADCON1bits	set	159
   134  0088                     _TRISD	set	136
   135  0086                     _TRISB	set	134
   136  0085                     _TRISA	set	133
   137  008F                     _OSCCONbits	set	143
   138  0189                     _ANSELHbits	set	393
   139  0189                     _ANSELH	set	393
   140  0188                     _ANSEL	set	392
   141                           
   142                           ; #config settings
   143  0000                     
   144                           	psect	cinit
   145  0015                     start_initialization:	
   146  0015                     __initialization:	
   147                           
   148                           ; Clear objects allocated to COMMON
   149  0015  01F6               	clrf	__pbssCOMMON& (0+127)
   150  0016                     end_of_initialization:	
   151                           ;End of C runtime variable initialization code
   152                           
   153  0016                     __end_of__initialization:	
   154  0016  0183               	clrf	3
   155  0017  120A  118A  281A   	ljmp	_main	;jump to C main() function
   156                           
   157                           	psect	bssCOMMON
   158  0076                     __pbssCOMMON:	
   159  0076                     _presion_zero:	
   160  0076                     	ds	1
   161                           
   162                           	psect	cstackCOMMON
   163  0070                     __pcstackCOMMON:	
   164  0070                     ?_ISR:	
   165  0070                     ??_ISR:	
   166                           ; 1 bytes @ 0x0
   167                           
   168  0070                     ?_main:	
   169                           ; 1 bytes @ 0x0
   170                           
   171                           
   172                           ; 1 bytes @ 0x0
   173  0070                     	ds	4
   174  0074                     ??_main:	
   175                           
   176                           ; 1 bytes @ 0x4
   177  0074                     	ds	2
   178                           
   179                           	psect	maintext
   180  001A                     __pmaintext:	
   181 ;;
   182 ;;Main: autosize = 0, tempsize = 2, incstack = 0, save=0
   183 ;;
   184 ;; *************** function _main *****************
   185 ;; Defined at:
   186 ;;		line 53 in file "esclavo 2.c"
   187 ;; Parameters:    Size  Location     Type
   188 ;;		None
   189 ;; Auto vars:     Size  Location     Type
   190 ;;		None
   191 ;; Return value:  Size  Location     Type
   192 ;;                  1    wreg      void 
   193 ;; Registers used:
   194 ;;		wreg, status,2
   195 ;; Tracked objects:
   196 ;;		On entry : B00/0
   197 ;;		On exit  : 0/0
   198 ;;		Unchanged: 0/0
   199 ;; Data sizes:     COMMON   BANK0   BANK1   BANK3   BANK2
   200 ;;      Params:         0       0       0       0       0
   201 ;;      Locals:         0       0       0       0       0
   202 ;;      Temps:          2       0       0       0       0
   203 ;;      Totals:         2       0       0       0       0
   204 ;;Total ram usage:        2 bytes
   205 ;; Hardware stack levels required when called:    1
   206 ;; This function calls:
   207 ;;		Nothing
   208 ;; This function is called by:
   209 ;;		Startup code after reset
   210 ;; This function uses a non-reentrant model
   211 ;;
   212                           
   213                           
   214                           ;psect for function _main
   215  001A                     _main:	
   216                           
   217                           ;esclavo 2.c: 54: OSCCONbits.HTS = 1;
   218                           
   219                           ;incstack = 0
   220                           ; Regs used in _main: [wreg+status,2]
   221  001A  1683               	bsf	3,5	;RP0=1, select bank1
   222  001B  1303               	bcf	3,6	;RP1=0, select bank1
   223  001C  150F               	bsf	15,2	;volatile
   224                           
   225                           ;esclavo 2.c: 55: OSCCONbits.IRCF0 = 1;
   226  001D  160F               	bsf	15,4	;volatile
   227                           
   228                           ;esclavo 2.c: 56: OSCCONbits.IRCF1 = 1;
   229  001E  168F               	bsf	15,5	;volatile
   230                           
   231                           ;esclavo 2.c: 57: OSCCONbits.IRCF2 = 1;
   232  001F  170F               	bsf	15,6	;volatile
   233                           
   234                           ;esclavo 2.c: 58: OSCCONbits.OSTS = 0;
   235  0020  118F               	bcf	15,3	;volatile
   236                           
   237                           ;esclavo 2.c: 59: OSCCONbits.SCS = 1;
   238  0021  140F               	bsf	15,0	;volatile
   239                           
   240                           ;esclavo 2.c: 61: TRISA=0B00000010;
   241  0022  3002               	movlw	2
   242  0023  0085               	movwf	5	;volatile
   243                           
   244                           ;esclavo 2.c: 62: TRISB=0B00000001;
   245  0024  3001               	movlw	1
   246  0025  0086               	movwf	6	;volatile
   247                           
   248                           ;esclavo 2.c: 63: TRISD=0B00000000;
   249  0026  0188               	clrf	8	;volatile
   250                           
   251                           ;esclavo 2.c: 65: ANSEL=0;
   252  0027  1683               	bsf	3,5	;RP0=1, select bank3
   253  0028  1703               	bsf	3,6	;RP1=1, select bank3
   254  0029  0188               	clrf	8	;volatile
   255                           
   256                           ;esclavo 2.c: 66: ANSELH=0B00000001;
   257  002A  3001               	movlw	1
   258  002B  0089               	movwf	9	;volatile
   259                           
   260                           ;esclavo 2.c: 68: PORTD=0;
   261  002C  1283               	bcf	3,5	;RP0=0, select bank0
   262  002D  1303               	bcf	3,6	;RP1=0, select bank0
   263  002E  0188               	clrf	8	;volatile
   264                           
   265                           ;esclavo 2.c: 69: PORTA=0;
   266  002F  0185               	clrf	5	;volatile
   267                           
   268                           ;esclavo 2.c: 70: PORTB=0;
   269  0030  0186               	clrf	6	;volatile
   270                           
   271                           ;esclavo 2.c: 72: ADCON1bits.VCFG1 = 0;
   272  0031  1683               	bsf	3,5	;RP0=1, select bank1
   273  0032  1303               	bcf	3,6	;RP1=0, select bank1
   274  0033  129F               	bcf	31,5	;volatile
   275                           
   276                           ;esclavo 2.c: 73: ADCON1bits.VCFG0 = 0;
   277  0034  121F               	bcf	31,4	;volatile
   278                           
   279                           ;esclavo 2.c: 74: ADCON1bits.ADFM = 0;
   280  0035  139F               	bcf	31,7	;volatile
   281                           
   282                           ;esclavo 2.c: 75: PIE1bits.ADIE = 1;
   283  0036  170C               	bsf	12,6	;volatile
   284                           
   285                           ;esclavo 2.c: 76: ANSELHbits.ANS12 = 1;
   286  0037  1683               	bsf	3,5	;RP0=1, select bank3
   287  0038  1703               	bsf	3,6	;RP1=1, select bank3
   288  0039  1609               	bsf	9,4	;volatile
   289                           
   290                           ;esclavo 2.c: 77: ADCON0bits.ADCS1 = 1;
   291  003A  1283               	bcf	3,5	;RP0=0, select bank0
   292  003B  1303               	bcf	3,6	;RP1=0, select bank0
   293  003C  179F               	bsf	31,7	;volatile
   294                           
   295                           ;esclavo 2.c: 78: ADCON0bits.ADCS0 = 0;
   296  003D  131F               	bcf	31,6	;volatile
   297                           
   298                           ;esclavo 2.c: 79: ADCON0bits.CHS3 = 1;
   299  003E  169F               	bsf	31,5	;volatile
   300                           
   301                           ;esclavo 2.c: 80: ADCON0bits.CHS2 = 1;
   302  003F  161F               	bsf	31,4	;volatile
   303                           
   304                           ;esclavo 2.c: 81: ADCON0bits.CHS1 = 0;
   305  0040  119F               	bcf	31,3	;volatile
   306                           
   307                           ;esclavo 2.c: 82: ADCON0bits.CHS0 = 0;
   308  0041  111F               	bcf	31,2	;volatile
   309                           
   310                           ;esclavo 2.c: 83: ADRESL = 0;
   311  0042  1683               	bsf	3,5	;RP0=1, select bank1
   312  0043  1303               	bcf	3,6	;RP1=0, select bank1
   313  0044  019E               	clrf	30	;volatile
   314                           
   315                           ;esclavo 2.c: 84: ADRESH = 0;
   316  0045  1283               	bcf	3,5	;RP0=0, select bank0
   317  0046  1303               	bcf	3,6	;RP1=0, select bank0
   318  0047  019E               	clrf	30	;volatile
   319                           
   320                           ;esclavo 2.c: 85: ADCON0bits.ADON = 1;
   321  0048  141F               	bsf	31,0	;volatile
   322                           
   323                           ;esclavo 2.c: 86: _delay((unsigned long)((1)*(8000000/4000.0)));
   324  0049  3003               	movlw	3
   325  004A  00F5               	movwf	??_main+1
   326  004B  3097               	movlw	151
   327  004C  00F4               	movwf	??_main
   328  004D                     u87:	
   329  004D  0BF4               	decfsz	??_main,f
   330  004E  284D               	goto	u87
   331  004F  0BF5               	decfsz	??_main+1,f
   332  0050  284D               	goto	u87
   333  0051  2852               	nop2
   334  0052                     l44:	
   335                           ;esclavo 2.c: 93: while (1){
   336                           
   337  0052  2852               	goto	l44
   338  0053                     __end_of_main:	
   339                           
   340                           	psect	text1
   341  0053                     __ptext1:	
   342 ;; *************** function _ISR *****************
   343 ;; Defined at:
   344 ;;		line 47 in file "esclavo 2.c"
   345 ;; Parameters:    Size  Location     Type
   346 ;;		None
   347 ;; Auto vars:     Size  Location     Type
   348 ;;		None
   349 ;; Return value:  Size  Location     Type
   350 ;;                  1    wreg      void 
   351 ;; Registers used:
   352 ;;		None
   353 ;; Tracked objects:
   354 ;;		On entry : 0/0
   355 ;;		On exit  : 0/0
   356 ;;		Unchanged: 0/0
   357 ;; Data sizes:     COMMON   BANK0   BANK1   BANK3   BANK2
   358 ;;      Params:         0       0       0       0       0
   359 ;;      Locals:         0       0       0       0       0
   360 ;;      Temps:          4       0       0       0       0
   361 ;;      Totals:         4       0       0       0       0
   362 ;;Total ram usage:        4 bytes
   363 ;; Hardware stack levels used:    1
   364 ;; This function calls:
   365 ;;		Nothing
   366 ;; This function is called by:
   367 ;;		Interrupt level 1
   368 ;; This function uses a non-reentrant model
   369 ;;
   370                           
   371                           
   372                           ;psect for function _ISR
   373  0053                     _ISR:	
   374  0053  0873               	movf	??_ISR+3,w
   375  0054  00FF               	movwf	127
   376  0055  0872               	movf	??_ISR+2,w
   377  0056  008A               	movwf	10
   378  0057  0871               	movf	??_ISR+1,w
   379  0058  0084               	movwf	4
   380  0059  0E70               	swapf	??_ISR^(0+-128),w
   381  005A  0083               	movwf	3
   382  005B  0EFE               	swapf	126,f
   383  005C  0E7E               	swapf	126,w
   384  005D  0009               	retfie
   385  005E                     __end_of_ISR:	
   386  007E                     btemp	set	126	;btemp
   387  007E                     wtemp0	set	126
   388                           
   389                           	psect	intentry
   390  0004                     __pintentry:	
   391                           ;incstack = 0
   392                           ; Regs used in _ISR: []
   393                           
   394  0004                     interrupt_function:	
   395  007E                     saved_w	set	btemp
   396  0004  00FE               	movwf	btemp
   397  0005  0E03               	swapf	3,w
   398  0006  00F0               	movwf	??_ISR
   399  0007  0804               	movf	4,w
   400  0008  00F1               	movwf	??_ISR+1
   401  0009  080A               	movf	10,w
   402  000A  00F2               	movwf	??_ISR+2
   403  000B  1283               	bcf	3,5	;RP0=0, select bank0
   404  000C  1303               	bcf	3,6	;RP1=0, select bank0
   405  000D  087F               	movf	btemp+1,w
   406  000E  00F3               	movwf	??_ISR+3
   407  000F  120A  118A  2853   	ljmp	_ISR


Data Sizes:
    Strings     0
    Constant    0
    Data        0
    BSS         1
    Persistent  0
    Stack       0

Auto Spaces:
    Space          Size  Autos    Used
    COMMON           14      6       7
    BANK0            80      0       0
    BANK1            80      0       0
    BANK3            96      0       0
    BANK2            96      0       0

Pointer List with Targets:

    None.

Critical Paths under _main in COMMON

    None.

Critical Paths under _ISR in COMMON

    None.

Critical Paths under _main in BANK0

    None.

Critical Paths under _ISR in BANK0

    None.

Critical Paths under _main in BANK1

    None.

Critical Paths under _ISR in BANK1

    None.

Critical Paths under _main in BANK3

    None.

Critical Paths under _ISR in BANK3

    None.

Critical Paths under _main in BANK2

    None.

Critical Paths under _ISR in BANK2

    None.

Call Graph Tables:

 ---------------------------------------------------------------------------------
 (Depth) Function   	        Calls       Base Space   Used Autos Params    Refs
 ---------------------------------------------------------------------------------
 (0) _main                                                 2     2      0       0
                                              4 COMMON     2     2      0
 ---------------------------------------------------------------------------------
 Estimated maximum stack depth 0
 ---------------------------------------------------------------------------------
 (Depth) Function   	        Calls       Base Space   Used Autos Params    Refs
 ---------------------------------------------------------------------------------
 (1) _ISR                                                  4     4      0       0
                                              0 COMMON     4     4      0
 ---------------------------------------------------------------------------------
 Estimated maximum stack depth 1
 ---------------------------------------------------------------------------------

 Call Graph Graphs:

 _main (ROOT)

 _ISR (ROOT)

 Address spaces:
Name               Size   Autos  Total    Cost      Usage
BITCOMMON            E      0       0       0        0.0%
EEDATA             100      0       0       0        0.0%
NULL                 0      0       0       0        0.0%
CODE                 0      0       0       0        0.0%
COMMON               E      6       7       1       50.0%
BITSFR0              0      0       0       1        0.0%
SFR0                 0      0       0       1        0.0%
BITSFR1              0      0       0       2        0.0%
SFR1                 0      0       0       2        0.0%
STACK                0      0       0       2        0.0%
ABS                  0      0       7       3        0.0%
BITBANK0            50      0       0       4        0.0%
BITSFR3              0      0       0       4        0.0%
SFR3                 0      0       0       4        0.0%
BANK0               50      0       0       5        0.0%
BITSFR2              0      0       0       5        0.0%
SFR2                 0      0       0       5        0.0%
BITBANK1            50      0       0       6        0.0%
BANK1               50      0       0       7        0.0%
BITBANK3            60      0       0       8        0.0%
BANK3               60      0       0       9        0.0%
BITBANK2            60      0       0      10        0.0%
BANK2               60      0       0      11        0.0%
DATA                 0      0       7      12        0.0%


Microchip Technology PIC Macro Assembler V1.41 build -162212810 
Symbol Table                                                                                   Tue May 30 20:10:56 2017

             __CFG_CP$OFF 0000                        l44 0052                        u87 004D  
            __CFG_CPD$OFF 0000                       _ISR 0053                       fsr0 0004  
            __CFG_LVP$OFF 0000                      ?_ISR 0070              __CFG_WRT$OFF 0000  
                    _main 001A                      btemp 007E                      start 0012  
           __CFG_IESO$OFF 0000             __CFG_MCLRE$ON 0000                     ??_ISR 0070  
                   ?_main 0070             __CFG_WDTE$OFF 0000                     _ANSEL 0188  
                   _PORTA 0005                     _PORTB 0006                     _PORTD 0008  
                   _TRISA 0085                     _TRISB 0086                     _TRISD 0088  
          __CFG_FCMEN$OFF 0000            __CFG_BOREN$OFF 0000                     pclath 000A  
                   status 0003                     wtemp0 007E           __initialization 0015  
            __end_of_main 0053                    ??_main 0074                    _ADRESH 001E  
                  _ADRESL 009E                    _ANSELH 0189            __CFG_PWRTE$OFF 0000  
                  saved_w 007E   __end_of__initialization 0016            __pcstackCOMMON 0070  
              __pmaintext 001A                __pintentry 0004                   __ptext1 0053  
            __size_of_ISR 000B      end_of_initialization 0016                 _PORTAbits 0005  
     start_initialization 0015               __end_of_ISR 005E  __CFG_FOSC$INTRC_NOCLKOUT 0000  
             __pbssCOMMON 0076                 ___latbits 0002         interrupt_function 0004  
                _PIE1bits 008C                  _PIR1bits 000C                _ADCON0bits 001F  
              _ADCON1bits 009F                _ANSELHbits 0189         __CFG_BOR4V$BOR40V 0000  
           __size_of_main 0039                  intlevel1 0000                _OSCCONbits 008F  
            _presion_zero 0076  
