

Microchip Technology PIC LITE Macro Assembler V1.41 build -162212810 
                                                                                               Thu Jun 01 13:50:04 2017

Microchip Technology Omniscient Code Generator v1.41 (Free mode) build 201701250102
     1                           	processor	16F887
     2                           	opt	pw 120
     3                           	opt	lm
     4                           	psect	idataBANK0,global,class=CODE,delta=2
     5                           	psect	cinit,global,class=CODE,merge=1,delta=2
     6                           	psect	bssCOMMON,global,class=COMMON,space=1,delta=1
     7                           	psect	bssBANK0,global,class=BANK0,space=1,delta=1
     8                           	psect	dataBANK0,global,class=BANK0,space=1,delta=1
     9                           	psect	cstackCOMMON,global,class=COMMON,space=1,delta=1
    10                           	psect	cstackBANK0,global,class=BANK0,space=1,delta=1
    11                           	psect	maintext,global,class=CODE,split=1,delta=2
    12                           	psect	text1,local,class=CODE,merge=1,delta=2
    13                           	psect	text2,local,class=CODE,merge=1,delta=2,group=2
    14                           	psect	text3,local,class=CODE,merge=1,delta=2
    15                           	psect	text4,local,class=CODE,merge=1,delta=2
    16                           	psect	intentry,global,class=CODE,delta=2
    17                           	dabs	1,0x7E,2
    18  0000                     
    19                           ; Version 1.41
    20                           ; Generated 25/01/2017 GMT
    21                           ; 
    22                           ; Copyright © 2017, Microchip Technology Inc. and its subsidiaries ("Microchip")
    23                           ; All rights reserved.
    24                           ; 
    25                           ; This software is developed by Microchip Technology Inc. and its subsidiaries ("Microch
      +                          ip").
    26                           ; 
    27                           ; Redistribution and use in source and binary forms, with or without modification, are
    28                           ; permitted provided that the following conditions are met:
    29                           ; 
    30                           ;     1. Redistributions of source code must retain the above copyright notice, this lis
      +                          t of
    31                           ;        conditions and the following disclaimer.
    32                           ; 
    33                           ;     2. Redistributions in binary form must reproduce the above copyright notice, this 
      +                          list
    34                           ;        of conditions and the following disclaimer in the documentation and/or other
    35                           ;        materials provided with the distribution.
    36                           ; 
    37                           ;     3. Microchip's name may not be used to endorse or promote products derived from th
      +                          is
    38                           ;        software without specific prior written permission.
    39                           ; 
    40                           ; THIS SOFTWARE IS PROVIDED BY MICROCHIP "AS IS" AND ANY EXPRESS OR IMPLIED WARRANTIES,
    41                           ; INCLUDING, BUT NOT LIMITED TO, THE IMPLIED WARRANTIES OF MERCHANTABILITY AND FITNESS F
      +                          OR
    42                           ; PURPOSE ARE DISCLAIMED.  IN NO EVENT SHALL MICROCHIP BE LIABLE FOR ANY DIRECT, INDIREC
      +                          T,
    43                           ; INCIDENTAL, SPECIAL, EXEMPLARY, OR CONSEQUENTIAL DAMAGES (INCLUDING BUT NOT LIMITED TO
    44                           ; PROCUREMENT OF SUBSTITUTE GOODS OR SERVICES; LOSS OF USE, DATA OR PROFITS; OR BUSINESS
    45                           ; INTERRUPTION) HOWSOEVER CAUSED AND ON ANY THEORY OF LIABILITY, WHETHER IN CONTRACT, ST
      +                          RICT
    46                           ; LIABILITY, OR TORT (INCLUDING NEGLIGENCE OR OTHERWISE) ARISING IN ANY WAY OUT OF THE U
      +                          SE OF
    47                           ; THIS SOFTWARE, EVEN IF ADVISED OF THE POSSIBILITY OF SUCH DAMAGE.
    48                           ; 
    49                           ; 
    50                           ; Code-generator required, PIC16F887 Definitions
    51                           ; 
    52                           ; SFR Addresses
    53  0000                     	;# 
    54  0001                     	;# 
    55  0002                     	;# 
    56  0003                     	;# 
    57  0004                     	;# 
    58  0005                     	;# 
    59  0006                     	;# 
    60  0007                     	;# 
    61  0008                     	;# 
    62  0009                     	;# 
    63  000A                     	;# 
    64  000B                     	;# 
    65  000C                     	;# 
    66  000D                     	;# 
    67  000E                     	;# 
    68  000E                     	;# 
    69  000F                     	;# 
    70  0010                     	;# 
    71  0011                     	;# 
    72  0012                     	;# 
    73  0013                     	;# 
    74  0014                     	;# 
    75  0015                     	;# 
    76  0015                     	;# 
    77  0016                     	;# 
    78  0017                     	;# 
    79  0018                     	;# 
    80  0019                     	;# 
    81  001A                     	;# 
    82  001B                     	;# 
    83  001B                     	;# 
    84  001C                     	;# 
    85  001D                     	;# 
    86  001E                     	;# 
    87  001F                     	;# 
    88  0081                     	;# 
    89  0085                     	;# 
    90  0086                     	;# 
    91  0087                     	;# 
    92  0088                     	;# 
    93  0089                     	;# 
    94  008C                     	;# 
    95  008D                     	;# 
    96  008E                     	;# 
    97  008F                     	;# 
    98  0090                     	;# 
    99  0091                     	;# 
   100  0092                     	;# 
   101  0093                     	;# 
   102  0093                     	;# 
   103  0093                     	;# 
   104  0094                     	;# 
   105  0095                     	;# 
   106  0096                     	;# 
   107  0097                     	;# 
   108  0098                     	;# 
   109  0099                     	;# 
   110  009A                     	;# 
   111  009B                     	;# 
   112  009C                     	;# 
   113  009D                     	;# 
   114  009E                     	;# 
   115  009F                     	;# 
   116  0105                     	;# 
   117  0107                     	;# 
   118  0108                     	;# 
   119  0109                     	;# 
   120  010C                     	;# 
   121  010C                     	;# 
   122  010D                     	;# 
   123  010E                     	;# 
   124  010F                     	;# 
   125  0185                     	;# 
   126  0187                     	;# 
   127  0188                     	;# 
   128  0189                     	;# 
   129  018C                     	;# 
   130  018D                     	;# 
   131                           
   132                           	psect	idataBANK0
   133  0158                     __pidataBANK0:	
   134                           
   135                           ;initializer for _leds
   136  0158  3407               	retlw	7
   137  0008                     _PORTD	set	8
   138  0013                     _SSPBUF	set	19
   139  0014                     _SSPCON	set	20
   140  001F                     _ADCON0bits	set	31
   141  001E                     _ADRESH	set	30
   142  000C                     _PIR1bits	set	12
   143  0005                     _PORTAbits	set	5
   144  0094                     _SSPSTATbits	set	148
   145  0094                     _SSPSTAT	set	148
   146  0088                     _TRISD	set	136
   147  0085                     _TRISA	set	133
   148  0087                     _TRISC	set	135
   149  0086                     _TRISB	set	134
   150  008F                     _OSCCON	set	143
   151  04A0                     _BF	set	1184
   152  0189                     _ANSELH	set	393
   153  0188                     _ANSEL	set	392
   154                           
   155                           ; #config settings
   156  0000                     
   157                           	psect	cinit
   158  0015                     start_initialization:	
   159  0015                     __initialization:	
   160                           
   161                           ; Initialize objects allocated to BANK0
   162  0015  120A  118A  2158   	fcall	__pidataBANK0	;fetch initializer
   163  0018  00B0               	movwf	__pdataBANK0& (0+127)
   164                           
   165                           ; Clear objects allocated to BANK0
   166  0019  01AD               	clrf	__pbssBANK0& (0+127)
   167  001A  01AE               	clrf	(__pbssBANK0+1)& (0+127)
   168  001B  01AF               	clrf	(__pbssBANK0+2)& (0+127)
   169                           
   170                           ; Clear objects allocated to COMMON
   171  001C  01F7               	clrf	__pbssCOMMON& (0+127)
   172  001D                     end_of_initialization:	
   173                           ;End of C runtime variable initialization code
   174                           
   175  001D                     __end_of__initialization:	
   176  001D  0183               	clrf	3
   177  001E  120A  118A  288F   	ljmp	_main	;jump to C main() function
   178                           
   179                           	psect	bssCOMMON
   180  0077                     __pbssCOMMON:	
   181  0077                     _ADC:	
   182  0077                     	ds	1
   183                           
   184                           	psect	bssBANK0
   185  002D                     __pbssBANK0:	
   186  002D                     _cont:	
   187  002D                     	ds	2
   188  002F                     _accion:	
   189  002F                     	ds	1
   190                           
   191                           	psect	dataBANK0
   192  0030                     __pdataBANK0:	
   193  0030                     _leds:	
   194  0030                     	ds	1
   195                           
   196                           	psect	cstackCOMMON
   197  0070                     __pcstackCOMMON:	
   198  0070                     ?_ColorLed:	
   199  0070                     ?_medicion_ultrasonico:	
   200                           ; 1 bytes @ 0x0
   201                           
   202  0070                     ?_ISR:	
   203                           ; 1 bytes @ 0x0
   204                           
   205  0070                     ??_ISR:	
   206                           ; 1 bytes @ 0x0
   207                           
   208  0070                     ?_main:	
   209                           ; 1 bytes @ 0x0
   210                           
   211                           
   212                           ; 1 bytes @ 0x0
   213  0070                     	ds	6
   214  0076                     ??_ColorLed:	
   215  0076                     ??___lwdiv:	
   216                           ; 1 bytes @ 0x6
   217                           
   218  0076                     ColorLed@binario:	
   219                           ; 1 bytes @ 0x6
   220                           
   221                           
   222                           ; 1 bytes @ 0x6
   223  0076                     	ds	1
   224                           
   225                           	psect	cstackBANK0
   226  0020                     __pcstackBANK0:	
   227  0020                     ?___lwdiv:	
   228  0020                     ___lwdiv@divisor:	
   229                           ; 2 bytes @ 0x0
   230                           
   231                           
   232                           ; 2 bytes @ 0x0
   233  0020                     	ds	2
   234  0022                     ___lwdiv@dividend:	
   235                           
   236                           ; 2 bytes @ 0x2
   237  0022                     	ds	2
   238  0024                     ___lwdiv@quotient:	
   239                           
   240                           ; 2 bytes @ 0x4
   241  0024                     	ds	2
   242  0026                     ___lwdiv@counter:	
   243                           
   244                           ; 1 bytes @ 0x6
   245  0026                     	ds	1
   246  0027                     ??_medicion_ultrasonico:	
   247                           
   248                           ; 1 bytes @ 0x7
   249  0027                     	ds	1
   250  0028                     medicion_ultrasonico@objeto:	
   251                           
   252                           ; 1 bytes @ 0x8
   253  0028                     	ds	1
   254  0029                     medicion_ultrasonico@tiempo:	
   255                           
   256                           ; 2 bytes @ 0x9
   257  0029                     	ds	2
   258  002B                     ??_main:	
   259                           
   260                           ; 1 bytes @ 0xB
   261  002B                     	ds	2
   262                           
   263                           	psect	maintext
   264  008F                     __pmaintext:	
   265 ;;
   266 ;;Main: autosize = 0, tempsize = 2, incstack = 0, save=0
   267 ;;
   268 ;; *************** function _main *****************
   269 ;; Defined at:
   270 ;;		line 95 in file "picLuces.c"
   271 ;; Parameters:    Size  Location     Type
   272 ;;		None
   273 ;; Auto vars:     Size  Location     Type
   274 ;;		None
   275 ;; Return value:  Size  Location     Type
   276 ;;                  1    wreg      void 
   277 ;; Registers used:
   278 ;;		wreg, status,2, status,0, btemp+1, pclath, cstack
   279 ;; Tracked objects:
   280 ;;		On entry : B00/0
   281 ;;		On exit  : 0/0
   282 ;;		Unchanged: 0/0
   283 ;; Data sizes:     COMMON   BANK0   BANK1   BANK3   BANK2
   284 ;;      Params:         0       0       0       0       0
   285 ;;      Locals:         0       0       0       0       0
   286 ;;      Temps:          0       2       0       0       0
   287 ;;      Totals:         0       2       0       0       0
   288 ;;Total ram usage:        2 bytes
   289 ;; Hardware stack levels required when called:    3
   290 ;; This function calls:
   291 ;;		_ColorLed
   292 ;;		_medicion_ultrasonico
   293 ;; This function is called by:
   294 ;;		Startup code after reset
   295 ;; This function uses a non-reentrant model
   296 ;;
   297                           
   298                           
   299                           ;psect for function _main
   300  008F                     _main:	
   301                           
   302                           ;picLuces.c: 97: OSCCON = 0b01111100;
   303                           
   304                           ;incstack = 0
   305                           ; Regs used in _main: [wreg+status,2+status,0+btemp+1+pclath+cstack]
   306  008F  307C               	movlw	124
   307  0090  1683               	bsf	3,5	;RP0=1, select bank1
   308  0091  1303               	bcf	3,6	;RP1=0, select bank1
   309  0092  008F               	movwf	15	;volatile
   310                           
   311                           ;picLuces.c: 100: ANSEL=0;
   312  0093  1683               	bsf	3,5	;RP0=1, select bank3
   313  0094  1703               	bsf	3,6	;RP1=1, select bank3
   314  0095  0188               	clrf	8	;volatile
   315                           
   316                           ;picLuces.c: 101: ANSELH=0;
   317  0096  0189               	clrf	9	;volatile
   318                           
   319                           ;picLuces.c: 104: TRISB=0b11110000;
   320  0097  30F0               	movlw	240
   321  0098  1683               	bsf	3,5	;RP0=1, select bank1
   322  0099  1303               	bcf	3,6	;RP1=0, select bank1
   323  009A  0086               	movwf	6	;volatile
   324                           
   325                           ;picLuces.c: 105: TRISC=0b11011001;
   326  009B  30D9               	movlw	217
   327  009C  0087               	movwf	7	;volatile
   328                           
   329                           ;picLuces.c: 106: TRISA=0b11100010;
   330  009D  30E2               	movlw	226
   331  009E  0085               	movwf	5	;volatile
   332                           
   333                           ;picLuces.c: 107: TRISD=0;
   334  009F  0188               	clrf	8	;volatile
   335                           
   336                           ;picLuces.c: 109: ColorLed(leds);
   337  00A0  1283               	bcf	3,5	;RP0=0, select bank0
   338  00A1  1303               	bcf	3,6	;RP1=0, select bank0
   339  00A2  0830               	movf	_leds,w
   340  00A3  120A  118A  2143  120A  118A  	fcall	_ColorLed
   341                           
   342                           ;picLuces.c: 112: SSPSTAT=0b01000000;
   343  00A8  3040               	movlw	64
   344  00A9  1683               	bsf	3,5	;RP0=1, select bank1
   345  00AA  1303               	bcf	3,6	;RP1=0, select bank1
   346  00AB  0094               	movwf	20	;volatile
   347                           
   348                           ;picLuces.c: 114: SSPCON=0b00110100;
   349  00AC  3034               	movlw	52
   350  00AD  1283               	bcf	3,5	;RP0=0, select bank0
   351  00AE  1303               	bcf	3,6	;RP1=0, select bank0
   352  00AF  0094               	movwf	20	;volatile
   353  00B0                     l819:	
   354                           ;picLuces.c: 138: while(1){
   355                           
   356                           
   357                           ;picLuces.c: 139: _delay((unsigned long)((10)*(8000000/4000.0)));
   358  00B0  301A               	movlw	26
   359  00B1  1283               	bcf	3,5	;RP0=0, select bank0
   360  00B2  1303               	bcf	3,6	;RP1=0, select bank0
   361  00B3  00AC               	movwf	??_main+1
   362  00B4  30F7               	movlw	247
   363  00B5  00AB               	movwf	??_main
   364  00B6                     u437:	
   365  00B6  0BAB               	decfsz	??_main,f
   366  00B7  28B6               	goto	u437
   367  00B8  0BAC               	decfsz	??_main+1,f
   368  00B9  28B6               	goto	u437
   369  00BA  28BB               	nop2
   370                           
   371                           ;picLuces.c: 140: medicion_ultrasonico();
   372  00BB  120A  118A  2021  120A  118A  	fcall	_medicion_ultrasonico
   373                           
   374                           ;picLuces.c: 142: if (SSPSTATbits.BF==1){
   375  00C0  1683               	bsf	3,5	;RP0=1, select bank1
   376  00C1  1303               	bcf	3,6	;RP1=0, select bank1
   377  00C2  1C14               	btfss	20,0	;volatile
   378  00C3  28D6               	goto	l829
   379                           
   380                           ;picLuces.c: 143: accion=SSPBUF;
   381  00C4  1283               	bcf	3,5	;RP0=0, select bank0
   382  00C5  1303               	bcf	3,6	;RP1=0, select bank0
   383  00C6  0813               	movf	19,w	;volatile
   384  00C7  00AB               	movwf	??_main
   385  00C8  082B               	movf	??_main,w
   386  00C9  00AF               	movwf	_accion
   387                           
   388                           ;picLuces.c: 144: PORTD=accion;
   389  00CA  082F               	movf	_accion,w
   390  00CB  0088               	movwf	8	;volatile
   391                           
   392                           ;picLuces.c: 145: leds=accion;
   393  00CC  082F               	movf	_accion,w
   394  00CD  00AB               	movwf	??_main
   395  00CE  082B               	movf	??_main,w
   396  00CF  00B0               	movwf	_leds
   397                           
   398                           ;picLuces.c: 146: ColorLed(leds);
   399  00D0  0830               	movf	_leds,w
   400  00D1  120A  118A  2143  120A  118A  	fcall	_ColorLed
   401  00D6                     l829:	
   402                           
   403                           ;picLuces.c: 147: }
   404                           ;picLuces.c: 148: if (accion==3){
   405  00D6  3003               	movlw	3
   406  00D7  1283               	bcf	3,5	;RP0=0, select bank0
   407  00D8  1303               	bcf	3,6	;RP1=0, select bank0
   408  00D9  062F               	xorwf	_accion,w
   409  00DA  1D03               	btfss	3,2
   410  00DB  28B0               	goto	l819
   411  00DC                     l76:	
   412                           ;picLuces.c: 149: while(BF==0){}
   413                           
   414  00DC  1683               	bsf	3,5	;RP0=1, select bank1
   415  00DD  1303               	bcf	3,6	;RP1=0, select bank1
   416  00DE  1C14               	btfss	20,0	;volatile
   417  00DF  28DC               	goto	l76
   418                           
   419                           ;picLuces.c: 151: leds=SSPBUF;
   420  00E0  1283               	bcf	3,5	;RP0=0, select bank0
   421  00E1  1303               	bcf	3,6	;RP1=0, select bank0
   422  00E2  0813               	movf	19,w	;volatile
   423  00E3  00AB               	movwf	??_main
   424  00E4  082B               	movf	??_main,w
   425  00E5  00B0               	movwf	_leds
   426  00E6  28B0               	goto	l819
   427  00E7                     __end_of_main:	
   428                           
   429                           	psect	text1
   430  0021                     __ptext1:	
   431 ;; *************** function _medicion_ultrasonico *****************
   432 ;; Defined at:
   433 ;;		line 49 in file "picLuces.c"
   434 ;; Parameters:    Size  Location     Type
   435 ;;		None
   436 ;; Auto vars:     Size  Location     Type
   437 ;;  tiempo          2    9[BANK0 ] unsigned int 
   438 ;;  objeto          1    8[BANK0 ] unsigned char 
   439 ;; Return value:  Size  Location     Type
   440 ;;                  1    wreg      unsigned char 
   441 ;; Registers used:
   442 ;;		wreg, status,2, status,0, btemp+1, pclath, cstack
   443 ;; Tracked objects:
   444 ;;		On entry : 0/0
   445 ;;		On exit  : 0/0
   446 ;;		Unchanged: 0/0
   447 ;; Data sizes:     COMMON   BANK0   BANK1   BANK3   BANK2
   448 ;;      Params:         0       0       0       0       0
   449 ;;      Locals:         0       3       0       0       0
   450 ;;      Temps:          0       1       0       0       0
   451 ;;      Totals:         0       4       0       0       0
   452 ;;Total ram usage:        4 bytes
   453 ;; Hardware stack levels used:    1
   454 ;; Hardware stack levels required when called:    2
   455 ;; This function calls:
   456 ;;		_ColorLed
   457 ;;		___lwdiv
   458 ;; This function is called by:
   459 ;;		_main
   460 ;; This function uses a non-reentrant model
   461 ;;
   462                           
   463                           
   464                           ;psect for function _medicion_ultrasonico
   465  0021                     _medicion_ultrasonico:	
   466                           
   467                           ;picLuces.c: 50: unsigned int tiempo=0;
   468                           
   469                           ;incstack = 0
   470                           ; Regs used in _medicion_ultrasonico: [wreg+status,2+status,0+btemp+1+pclath+cstack]
   471  0021  1283               	bcf	3,5	;RP0=0, select bank0
   472  0022  1303               	bcf	3,6	;RP1=0, select bank0
   473  0023  01A9               	clrf	medicion_ultrasonico@tiempo
   474  0024  01AA               	clrf	medicion_ultrasonico@tiempo+1
   475                           
   476                           ;picLuces.c: 51: char objeto = 0;
   477  0025  01A8               	clrf	medicion_ultrasonico@objeto
   478                           
   479                           ;picLuces.c: 52: PORTAbits.RA0 = 0;
   480  0026  1005               	bcf	5,0	;volatile
   481                           
   482                           ;picLuces.c: 53: _delay((unsigned long)((10)*(8000000/4000000.0)));
   483  0027  3005               	movlw	5
   484  0028  1283               	bcf	3,5	;RP0=0, select bank0
   485  0029  1303               	bcf	3,6	;RP1=0, select bank0
   486  002A  00A7               	movwf	??_medicion_ultrasonico
   487  002B                     u447:	
   488  002B  0BA7               	decfsz	??_medicion_ultrasonico,f
   489  002C  282B               	goto	u447
   490  002D  282E               	nop2
   491                           
   492                           ;picLuces.c: 54: PORTAbits.RA0 = 1;
   493  002E  1283               	bcf	3,5	;RP0=0, select bank0
   494  002F  1303               	bcf	3,6	;RP1=0, select bank0
   495  0030  1405               	bsf	5,0	;volatile
   496                           
   497                           ;picLuces.c: 55: _delay((unsigned long)((10)*(8000000/4000000.0)));
   498  0031  3005               	movlw	5
   499  0032  1283               	bcf	3,5	;RP0=0, select bank0
   500  0033  1303               	bcf	3,6	;RP1=0, select bank0
   501  0034  00A7               	movwf	??_medicion_ultrasonico
   502  0035                     u457:	
   503  0035  0BA7               	decfsz	??_medicion_ultrasonico,f
   504  0036  2835               	goto	u457
   505  0037  2838               	nop2
   506                           
   507                           ;picLuces.c: 56: PORTAbits.RA0 = 0;
   508  0038  1283               	bcf	3,5	;RP0=0, select bank0
   509  0039  1303               	bcf	3,6	;RP1=0, select bank0
   510  003A  1005               	bcf	5,0	;volatile
   511  003B                     l56:	
   512                           ;picLuces.c: 57: while (1){
   513                           
   514                           
   515                           ;picLuces.c: 58: tiempo=0;
   516  003B  01A9               	clrf	medicion_ultrasonico@tiempo
   517  003C  01AA               	clrf	medicion_ultrasonico@tiempo+1
   518                           
   519                           ;picLuces.c: 59: if (PORTAbits.RA1==1){
   520  003D  1885               	btfsc	5,1	;volatile
   521  003E  284B               	goto	l781
   522  003F  283B               	goto	l56
   523  0040                     l59:	
   524                           ;picLuces.c: 60: while (PORTAbits.RA1==1){
   525                           
   526                           
   527                           ;picLuces.c: 61: _delay((unsigned long)((1)*(8000000/4000000.0)));
   528  0040  2841               	nop2	;2 cycle nop
   529                           
   530                           ;picLuces.c: 62: tiempo=tiempo+1;
   531  0041  1283               	bcf	3,5	;RP0=0, select bank0
   532  0042  1303               	bcf	3,6	;RP1=0, select bank0
   533  0043  0829               	movf	medicion_ultrasonico@tiempo,w
   534  0044  3E01               	addlw	1
   535  0045  00A9               	movwf	medicion_ultrasonico@tiempo
   536  0046  082A               	movf	medicion_ultrasonico@tiempo+1,w
   537  0047  1803               	skipnc
   538  0048  3E01               	addlw	1
   539  0049  3E00               	addlw	0
   540  004A  00AA               	movwf	medicion_ultrasonico@tiempo+1
   541  004B                     l781:	
   542  004B  1885               	btfsc	5,1	;volatile
   543  004C  2840               	goto	l59
   544                           
   545                           ;picLuces.c: 63: }
   546                           ;picLuces.c: 64: tiempo=tiempo/11;
   547  004D  300B               	movlw	11
   548  004E  00A0               	movwf	___lwdiv@divisor
   549  004F  3000               	movlw	0
   550  0050  00A1               	movwf	___lwdiv@divisor+1
   551  0051  082A               	movf	medicion_ultrasonico@tiempo+1,w
   552  0052  00A3               	movwf	___lwdiv@dividend+1
   553  0053  0829               	movf	medicion_ultrasonico@tiempo,w
   554  0054  00A2               	movwf	___lwdiv@dividend
   555  0055  120A  118A  20E7  120A  118A  	fcall	___lwdiv
   556  005A  1283               	bcf	3,5	;RP0=0, select bank0
   557  005B  1303               	bcf	3,6	;RP1=0, select bank0
   558  005C  0821               	movf	?___lwdiv+1,w
   559  005D  00AA               	movwf	medicion_ultrasonico@tiempo+1
   560  005E  0820               	movf	?___lwdiv,w
   561  005F  00A9               	movwf	medicion_ultrasonico@tiempo
   562                           
   563                           ;picLuces.c: 65: if (tiempo<=75){
   564  0060  3000               	movlw	0
   565  0061  022A               	subwf	medicion_ultrasonico@tiempo+1,w
   566  0062  304C               	movlw	76
   567  0063  1903               	skipnz
   568  0064  0229               	subwf	medicion_ultrasonico@tiempo,w
   569  0065  1803               	skipnc
   570  0066  2872               	goto	l793
   571                           
   572                           ;picLuces.c: 66: objeto=1;
   573  0067  01A8               	clrf	medicion_ultrasonico@objeto
   574  0068  0AA8               	incf	medicion_ultrasonico@objeto,f
   575                           
   576                           ;picLuces.c: 67: ColorLed(leds);
   577  0069  0830               	movf	_leds,w
   578  006A  120A  118A  2143   	fcall	_ColorLed
   579                           
   580                           ;picLuces.c: 68: cont=0;
   581  006D  1283               	bcf	3,5	;RP0=0, select bank0
   582  006E  1303               	bcf	3,6	;RP1=0, select bank0
   583  006F  01AD               	clrf	_cont
   584  0070  01AE               	clrf	_cont+1
   585                           
   586                           ;picLuces.c: 70: }
   587  0071  0008               	return
   588  0072                     l793:	
   589                           
   590                           ;picLuces.c: 71: else {
   591                           ;picLuces.c: 72: cont++;
   592  0072  3001               	movlw	1
   593  0073  07AD               	addwf	_cont,f
   594  0074  1803               	skipnc
   595  0075  0AAE               	incf	_cont+1,f
   596  0076  3000               	movlw	0
   597  0077  07AE               	addwf	_cont+1,f
   598                           
   599                           ;picLuces.c: 73: if (cont>500){
   600  0078  082E               	movf	_cont+1,w
   601  0079  3A80               	xorlw	128
   602  007A  00FF               	movwf	127
   603  007B  3081               	movlw	129
   604  007C  027F               	subwf	127,w
   605  007D  1D03               	skipz
   606  007E  2881               	goto	u395
   607  007F  30F5               	movlw	245
   608  0080  022D               	subwf	_cont,w
   609  0081                     u395:	
   610  0081  1C03               	skipc
   611  0082  0008               	return
   612                           
   613                           ;picLuces.c: 74: objeto=0;
   614  0083  1283               	bcf	3,5	;RP0=0, select bank0
   615  0084  1303               	bcf	3,6	;RP1=0, select bank0
   616  0085  01A8               	clrf	medicion_ultrasonico@objeto
   617                           
   618                           ;picLuces.c: 75: ColorLed(0b0000);
   619  0086  3000               	movlw	0
   620  0087  120A  118A  2143   	fcall	_ColorLed
   621                           
   622                           ;picLuces.c: 76: cont=0;
   623  008A  1283               	bcf	3,5	;RP0=0, select bank0
   624  008B  1303               	bcf	3,6	;RP1=0, select bank0
   625  008C  01AD               	clrf	_cont
   626  008D  01AE               	clrf	_cont+1
   627                           
   628                           ;picLuces.c: 77: }
   629                           ;picLuces.c: 78: }
   630                           ;picLuces.c: 79: return objeto;
   631                           ;	Return value of _medicion_ultrasonico is never used
   632  008E  0008               	return
   633  008F                     __end_of_medicion_ultrasonico:	
   634                           
   635                           	psect	text2
   636  00E7                     __ptext2:	
   637 ;; *************** function ___lwdiv *****************
   638 ;; Defined at:
   639 ;;		line 6 in file "C:\Program Files (x86)\Microchip\xc8\v1.41\sources\common\lwdiv.c"
   640 ;; Parameters:    Size  Location     Type
   641 ;;  divisor         2    0[BANK0 ] unsigned int 
   642 ;;  dividend        2    2[BANK0 ] unsigned int 
   643 ;; Auto vars:     Size  Location     Type
   644 ;;  quotient        2    4[BANK0 ] unsigned int 
   645 ;;  counter         1    6[BANK0 ] unsigned char 
   646 ;; Return value:  Size  Location     Type
   647 ;;                  2    0[BANK0 ] unsigned int 
   648 ;; Registers used:
   649 ;;		wreg, status,2, status,0
   650 ;; Tracked objects:
   651 ;;		On entry : 0/0
   652 ;;		On exit  : 0/0
   653 ;;		Unchanged: 0/0
   654 ;; Data sizes:     COMMON   BANK0   BANK1   BANK3   BANK2
   655 ;;      Params:         0       4       0       0       0
   656 ;;      Locals:         0       3       0       0       0
   657 ;;      Temps:          1       0       0       0       0
   658 ;;      Totals:         1       7       0       0       0
   659 ;;Total ram usage:        8 bytes
   660 ;; Hardware stack levels used:    1
   661 ;; Hardware stack levels required when called:    1
   662 ;; This function calls:
   663 ;;		Nothing
   664 ;; This function is called by:
   665 ;;		_medicion_ultrasonico
   666 ;; This function uses a non-reentrant model
   667 ;;
   668                           
   669                           
   670                           ;psect for function ___lwdiv
   671  00E7                     ___lwdiv:	
   672                           
   673                           ;incstack = 0
   674                           ; Regs used in ___lwdiv: [wreg+status,2+status,0]
   675  00E7  1283               	bcf	3,5	;RP0=0, select bank0
   676  00E8  1303               	bcf	3,6	;RP1=0, select bank0
   677  00E9  01A4               	clrf	___lwdiv@quotient
   678  00EA  01A5               	clrf	___lwdiv@quotient+1
   679  00EB  0820               	movf	___lwdiv@divisor,w
   680  00EC  0421               	iorwf	___lwdiv@divisor+1,w
   681  00ED  1903               	btfsc	3,2
   682  00EE  2920               	goto	l687
   683  00EF  01A6               	clrf	___lwdiv@counter
   684  00F0  0AA6               	incf	___lwdiv@counter,f
   685  00F1                     l675:	
   686  00F1  1BA1               	btfsc	___lwdiv@divisor+1,7
   687  00F2  28FF               	goto	l677
   688  00F3  3001               	movlw	1
   689  00F4                     u235:	
   690  00F4  1003               	clrc
   691  00F5  0DA0               	rlf	___lwdiv@divisor,f
   692  00F6  0DA1               	rlf	___lwdiv@divisor+1,f
   693  00F7  3EFF               	addlw	-1
   694  00F8  1D03               	skipz
   695  00F9  28F4               	goto	u235
   696  00FA  3001               	movlw	1
   697  00FB  00F6               	movwf	??___lwdiv
   698  00FC  0876               	movf	??___lwdiv,w
   699  00FD  07A6               	addwf	___lwdiv@counter,f
   700  00FE  28F1               	goto	l675
   701  00FF                     l677:	
   702  00FF  3001               	movlw	1
   703  0100                     u255:	
   704  0100  1003               	clrc
   705  0101  0DA4               	rlf	___lwdiv@quotient,f
   706  0102  0DA5               	rlf	___lwdiv@quotient+1,f
   707  0103  3EFF               	addlw	-1
   708  0104  1D03               	skipz
   709  0105  2900               	goto	u255
   710  0106  0821               	movf	___lwdiv@divisor+1,w
   711  0107  0223               	subwf	___lwdiv@dividend+1,w
   712  0108  1D03               	skipz
   713  0109  290C               	goto	u265
   714  010A  0820               	movf	___lwdiv@divisor,w
   715  010B  0222               	subwf	___lwdiv@dividend,w
   716  010C                     u265:	
   717  010C  1C03               	skipc
   718  010D  2915               	goto	l683
   719  010E  0820               	movf	___lwdiv@divisor,w
   720  010F  02A2               	subwf	___lwdiv@dividend,f
   721  0110  0821               	movf	___lwdiv@divisor+1,w
   722  0111  1C03               	skipc
   723  0112  03A3               	decf	___lwdiv@dividend+1,f
   724  0113  02A3               	subwf	___lwdiv@dividend+1,f
   725  0114  1424               	bsf	___lwdiv@quotient,0
   726  0115                     l683:	
   727  0115  3001               	movlw	1
   728  0116                     u275:	
   729  0116  1003               	clrc
   730  0117  0CA1               	rrf	___lwdiv@divisor+1,f
   731  0118  0CA0               	rrf	___lwdiv@divisor,f
   732  0119  3EFF               	addlw	-1
   733  011A  1D03               	skipz
   734  011B  2916               	goto	u275
   735  011C  3001               	movlw	1
   736  011D  02A6               	subwf	___lwdiv@counter,f
   737  011E  1D03               	btfss	3,2
   738  011F  28FF               	goto	l677
   739  0120                     l687:	
   740  0120  0825               	movf	___lwdiv@quotient+1,w
   741  0121  00A1               	movwf	?___lwdiv+1
   742  0122  0824               	movf	___lwdiv@quotient,w
   743  0123  00A0               	movwf	?___lwdiv
   744  0124  0008               	return
   745  0125                     __end_of___lwdiv:	
   746                           
   747                           	psect	text3
   748  0143                     __ptext3:	
   749 ;; *************** function _ColorLed *****************
   750 ;; Defined at:
   751 ;;		line 31 in file "picLuces.c"
   752 ;; Parameters:    Size  Location     Type
   753 ;;  binario         1    wreg     unsigned char 
   754 ;; Auto vars:     Size  Location     Type
   755 ;;  binario         1    6[COMMON] unsigned char 
   756 ;; Return value:  Size  Location     Type
   757 ;;                  1    wreg      unsigned char 
   758 ;; Registers used:
   759 ;;		wreg
   760 ;; Tracked objects:
   761 ;;		On entry : 0/0
   762 ;;		On exit  : 0/0
   763 ;;		Unchanged: 0/0
   764 ;; Data sizes:     COMMON   BANK0   BANK1   BANK3   BANK2
   765 ;;      Params:         0       0       0       0       0
   766 ;;      Locals:         1       0       0       0       0
   767 ;;      Temps:          0       0       0       0       0
   768 ;;      Totals:         1       0       0       0       0
   769 ;;Total ram usage:        1 bytes
   770 ;; Hardware stack levels used:    1
   771 ;; Hardware stack levels required when called:    1
   772 ;; This function calls:
   773 ;;		Nothing
   774 ;; This function is called by:
   775 ;;		_medicion_ultrasonico
   776 ;;		_main
   777 ;; This function uses a non-reentrant model
   778 ;;
   779                           
   780                           
   781                           ;psect for function _ColorLed
   782  0143                     _ColorLed:	
   783                           
   784                           ;incstack = 0
   785                           ; Regs used in _ColorLed: [wreg]
   786                           ;ColorLed@binario stored from wreg
   787  0143  00F6               	movwf	ColorLed@binario
   788                           
   789                           ;picLuces.c: 32: if((binario&0b1)==1){
   790  0144  1C76               	btfss	ColorLed@binario,0
   791  0145  294A               	goto	l47
   792                           
   793                           ;picLuces.c: 33: PORTAbits.RA2=1;
   794  0146  1283               	bcf	3,5	;RP0=0, select bank0
   795  0147  1303               	bcf	3,6	;RP1=0, select bank0
   796  0148  1505               	bsf	5,2	;volatile
   797                           
   798                           ;picLuces.c: 34: }
   799  0149  294D               	goto	l48
   800  014A                     l47:	
   801                           
   802                           ;picLuces.c: 35: else {PORTAbits.RA2=0;}
   803  014A  1283               	bcf	3,5	;RP0=0, select bank0
   804  014B  1303               	bcf	3,6	;RP1=0, select bank0
   805  014C  1105               	bcf	5,2	;volatile
   806  014D                     l48:	
   807                           
   808                           ;picLuces.c: 37: if((binario&0b10)==2){
   809  014D  1CF6               	btfss	ColorLed@binario,1
   810  014E  2951               	goto	l49
   811                           
   812                           ;picLuces.c: 38: PORTAbits.RA3=1;
   813  014F  1585               	bsf	5,3	;volatile
   814                           
   815                           ;picLuces.c: 39: }
   816  0150  2952               	goto	l50
   817  0151                     l49:	
   818                           
   819                           ;picLuces.c: 40: else {PORTAbits.RA3=0;}
   820  0151  1185               	bcf	5,3	;volatile
   821  0152                     l50:	
   822                           
   823                           ;picLuces.c: 42: if((binario&0b100)==4){
   824  0152  1D76               	btfss	ColorLed@binario,2
   825  0153  2956               	goto	l51
   826                           
   827                           ;picLuces.c: 43: PORTAbits.RA4=1;
   828  0154  1605               	bsf	5,4	;volatile
   829                           
   830                           ;picLuces.c: 44: }
   831  0155  0008               	return
   832  0156                     l51:	
   833                           
   834                           ;picLuces.c: 45: else{PORTAbits.RA4=0;}
   835  0156  1205               	bcf	5,4	;volatile
   836  0157  0008               	return
   837  0158                     __end_of_ColorLed:	
   838                           ;picLuces.c: 46: return;
   839                           
   840                           
   841                           	psect	text4
   842  0125                     __ptext4:	
   843 ;; *************** function _ISR *****************
   844 ;; Defined at:
   845 ;;		line 84 in file "picLuces.c"
   846 ;; Parameters:    Size  Location     Type
   847 ;;		None
   848 ;; Auto vars:     Size  Location     Type
   849 ;;		None
   850 ;; Return value:  Size  Location     Type
   851 ;;                  1    wreg      void 
   852 ;; Registers used:
   853 ;;		wreg
   854 ;; Tracked objects:
   855 ;;		On entry : 0/0
   856 ;;		On exit  : 0/0
   857 ;;		Unchanged: 0/0
   858 ;; Data sizes:     COMMON   BANK0   BANK1   BANK3   BANK2
   859 ;;      Params:         0       0       0       0       0
   860 ;;      Locals:         0       0       0       0       0
   861 ;;      Temps:          6       0       0       0       0
   862 ;;      Totals:         6       0       0       0       0
   863 ;;Total ram usage:        6 bytes
   864 ;; Hardware stack levels used:    1
   865 ;; This function calls:
   866 ;;		Nothing
   867 ;; This function is called by:
   868 ;;		Interrupt level 1
   869 ;; This function uses a non-reentrant model
   870 ;;
   871                           
   872                           
   873                           ;psect for function _ISR
   874  0125                     _ISR:	
   875                           
   876                           ;picLuces.c: 85: if (PIR1bits.ADIF==1){
   877  0125  1F0C               	btfss	12,6	;volatile
   878  0126  2938               	goto	i1l70
   879                           
   880                           ;picLuces.c: 86: PIR1bits.ADIF=0;
   881  0127  130C               	bcf	12,6	;volatile
   882                           
   883                           ;picLuces.c: 88: ADC=ADRESH;
   884  0128  081E               	movf	30,w	;volatile
   885  0129  00F0               	movwf	??_ISR
   886  012A  0870               	movf	??_ISR,w
   887  012B  00F7               	movwf	_ADC
   888                           
   889                           ;picLuces.c: 89: _delay((unsigned long)((2)*(8000000/4000.0)));
   890  012C  3006               	movlw	6
   891  012D  00F1               	movwf	??_ISR+1
   892  012E  3030               	movlw	48
   893  012F  00F0               	movwf	??_ISR
   894  0130                     u46_27:	
   895  0130  0BF0               	decfsz	??_ISR,f
   896  0131  2930               	goto	u46_27
   897  0132  0BF1               	decfsz	??_ISR+1,f
   898  0133  2930               	goto	u46_27
   899  0134  0000               	nop
   900                           
   901                           ;picLuces.c: 90: ADCON0bits.GO=1;
   902  0135  1283               	bcf	3,5	;RP0=0, select bank0
   903  0136  1303               	bcf	3,6	;RP1=0, select bank0
   904  0137  149F               	bsf	31,1	;volatile
   905  0138                     i1l70:	
   906                           ;picLuces.c: 91: }
   907                           ;picLuces.c: 92: return;
   908                           
   909  0138  0875               	movf	??_ISR+5,w
   910  0139  00FF               	movwf	127
   911  013A  0874               	movf	??_ISR+4,w
   912  013B  008A               	movwf	10
   913  013C  0873               	movf	??_ISR+3,w
   914  013D  0084               	movwf	4
   915  013E  0E72               	swapf	(??_ISR+2)^(0+-128),w
   916  013F  0083               	movwf	3
   917  0140  0EFE               	swapf	126,f
   918  0141  0E7E               	swapf	126,w
   919  0142  0009               	retfie
   920  0143                     __end_of_ISR:	
   921  007E                     btemp	set	126	;btemp
   922  007E                     wtemp0	set	126
   923                           
   924                           	psect	intentry
   925  0004                     __pintentry:	
   926                           ;incstack = 0
   927                           ; Regs used in _ISR: [wreg]
   928                           
   929  0004                     interrupt_function:	
   930  007E                     saved_w	set	btemp
   931  0004  00FE               	movwf	btemp
   932  0005  0E03               	swapf	3,w
   933  0006  00F2               	movwf	??_ISR+2
   934  0007  0804               	movf	4,w
   935  0008  00F3               	movwf	??_ISR+3
   936  0009  080A               	movf	10,w
   937  000A  00F4               	movwf	??_ISR+4
   938  000B  1283               	bcf	3,5	;RP0=0, select bank0
   939  000C  1303               	bcf	3,6	;RP1=0, select bank0
   940  000D  087F               	movf	btemp+1,w
   941  000E  00F5               	movwf	??_ISR+5
   942  000F  120A  118A  2925   	ljmp	_ISR


Data Sizes:
    Strings     0
    Constant    0
    Data        1
    BSS         4
    Persistent  0
    Stack       0

Auto Spaces:
    Space          Size  Autos    Used
    COMMON           14      7       8
    BANK0            80     13      17
    BANK1            80      0       0
    BANK3            96      0       0
    BANK2            96      0       0

Pointer List with Targets:

    None.

Critical Paths under _main in COMMON

    _main->_ColorLed
    _medicion_ultrasonico->_ColorLed
    _medicion_ultrasonico->___lwdiv

Critical Paths under _ISR in COMMON

    None.

Critical Paths under _main in BANK0

    _main->_medicion_ultrasonico
    _medicion_ultrasonico->___lwdiv

Critical Paths under _ISR in BANK0

    None.

Critical Paths under _main in BANK1

    None.

Critical Paths under _ISR in BANK1

    None.

Critical Paths under _main in BANK3

    None.

Critical Paths under _ISR in BANK3

    None.

Critical Paths under _main in BANK2

    None.

Critical Paths under _ISR in BANK2

    None.

Call Graph Tables:

 ---------------------------------------------------------------------------------
 (Depth) Function   	        Calls       Base Space   Used Autos Params    Refs
 ---------------------------------------------------------------------------------
 (0) _main                                                 2     2      0     521
                                             11 BANK0      2     2      0
                           _ColorLed
               _medicion_ultrasonico
 ---------------------------------------------------------------------------------
 (1) _medicion_ultrasonico                                 4     4      0     455
                                              7 BANK0      4     4      0
                           _ColorLed
                            ___lwdiv
 ---------------------------------------------------------------------------------
 (2) ___lwdiv                                              8     4      4     268
                                              6 COMMON     1     1      0
                                              0 BANK0      7     3      4
 ---------------------------------------------------------------------------------
 (2) _ColorLed                                             1     1      0      66
                                              6 COMMON     1     1      0
 ---------------------------------------------------------------------------------
 Estimated maximum stack depth 2
 ---------------------------------------------------------------------------------
 (Depth) Function   	        Calls       Base Space   Used Autos Params    Refs
 ---------------------------------------------------------------------------------
 (3) _ISR                                                  6     6      0       0
                                              0 COMMON     6     6      0
 ---------------------------------------------------------------------------------
 Estimated maximum stack depth 3
 ---------------------------------------------------------------------------------

 Call Graph Graphs:

 _main (ROOT)
   _ColorLed
   _medicion_ultrasonico
     _ColorLed
     ___lwdiv

 _ISR (ROOT)

 Address spaces:
Name               Size   Autos  Total    Cost      Usage
BANK3               60      0       0       9        0.0%
BITBANK3            60      0       0       8        0.0%
SFR3                 0      0       0       4        0.0%
BITSFR3              0      0       0       4        0.0%
BANK2               60      0       0      11        0.0%
BITBANK2            60      0       0      10        0.0%
SFR2                 0      0       0       5        0.0%
BITSFR2              0      0       0       5        0.0%
BANK1               50      0       0       7        0.0%
BITBANK1            50      0       0       6        0.0%
SFR1                 0      0       0       2        0.0%
BITSFR1              0      0       0       2        0.0%
BANK0               50      D      11       5       21.3%
BITBANK0            50      0       0       4        0.0%
SFR0                 0      0       0       1        0.0%
BITSFR0              0      0       0       1        0.0%
COMMON               E      7       8       1       57.1%
BITCOMMON            E      0       0       0        0.0%
CODE                 0      0       0       0        0.0%
DATA                 0      0      19      12        0.0%
ABS                  0      0      19       3        0.0%
NULL                 0      0       0       0        0.0%
STACK                0      0       0       2        0.0%
EEDATA             100      0       0       0        0.0%


Microchip Technology PIC Macro Assembler V1.41 build -162212810 
Symbol Table                                                                                   Thu Jun 01 13:50:04 2017

                  __CFG_CP$OFF 0000                    _SSPSTATbits 0094                             _BF 04A0  
                           l50 0152                             l51 0156                             l47 014A  
                           l48 014D                             l56 003B                             l49 0151  
                           l59 0040                             l76 00DC                            _ADC 0077  
                          l683 0115                            l675 00F1                            l819 00B0  
                          l677 00FF                            l781 004B                            l829 00D6  
                          l687 0120                            l793 0072                            u235 00F4  
                          u255 0100                            u265 010C                   __CFG_CPD$OFF 0000  
                          u275 0116                            _ISR 0125                            u437 00B6  
                          u447 002B                            u457 0035                            u395 0081  
                          fsr0 0004                   __CFG_LVP$OFF 0000                           ?_ISR 0070  
                         i1l70 0138                   __CFG_WRT$OFF 0000                           _cont 002D  
                         _main 008F                           _leds 0030                           btemp 007E  
                         start 0012                  __CFG_IESO$OFF 0000                  __CFG_MCLRE$ON 0000  
                        ??_ISR 0070     medicion_ultrasonico@objeto 0028     medicion_ultrasonico@tiempo 0029  
                        ?_main 0070                  __CFG_WDTE$OFF 0000                          _ANSEL 0188  
              __end_of___lwdiv 0125                          _PORTD 0008                          u46_27 0130  
                        _TRISA 0085                          _TRISB 0086                          _TRISC 0087  
                        _TRISD 0088                 __CFG_FCMEN$OFF 0000                 __CFG_BOREN$OFF 0000  
                        pclath 000A                          status 0003                          wtemp0 007E  
         _medicion_ultrasonico 0021                __initialization 0015               __end_of_ColorLed 0158  
                 __end_of_main 00E7                         ??_main 002B                         _ADRESH 001E  
                       _ANSELH 0189                         _OSCCON 008F                         _SSPCON 0014  
                       _SSPBUF 0013          ?_medicion_ultrasonico 0070                 __CFG_PWRTE$OFF 0000  
                       _accion 002F                      ??___lwdiv 0076                         saved_w 007E  
      __end_of__initialization 001D                 __pcstackCOMMON 0070                   __pidataBANK0 0158  
              ColorLed@binario 0076                      ?_ColorLed 0070                     __pbssBANK0 002D  
       ??_medicion_ultrasonico 0027                     __pmaintext 008F                     __pintentry 0004  
                   ??_ColorLed 0076                        _SSPSTAT 0094                        ___lwdiv 00E7  
                      __ptext1 0021                        __ptext2 00E7                        __ptext3 0143  
                      __ptext4 0125                   __size_of_ISR 001E           end_of_initialization 001D  
                    _PORTAbits 0005            start_initialization 0015                    __end_of_ISR 0143  
            __size_of_ColorLed 0015       __CFG_FOSC$INTRC_NOCLKOUT 0000                    __pdataBANK0 0030  
                  __pbssCOMMON 0077                      ___latbits 0002                  __pcstackBANK0 0020  
__size_of_medicion_ultrasonico 006E               ___lwdiv@dividend 0022                       ?___lwdiv 0020  
             ___lwdiv@quotient 0024              interrupt_function 0004                       _PIR1bits 000C  
                   _ADCON0bits 001F                       _ColorLed 0143               __size_of___lwdiv 003E  
              ___lwdiv@divisor 0020                ___lwdiv@counter 0026              __CFG_BOR4V$BOR40V 0000  
                __size_of_main 0058                       intlevel1 0000   __end_of_medicion_ultrasonico 008F  
